<?xml version="1.0" encoding="UTF-8"?>
<!-- Generated by org.testng.reporters.JUnitReportReporter -->
<testsuite hostname="MSDT140" name="com.flipkart.testcases.CheckOutPageTest" tests="1" failures="0" timestamp="8 Jan 2020 13:52:44 GMT" time="15.189" errors="0">
  <testcase name="Checking_OutFromCart" time="15.189" classname="com.flipkart.testcases.CheckOutPageTest"/>
</testsuite> <!-- com.flipkart.testcases.CheckOutPageTest -->
