<?xml version="1.0" encoding="UTF-8"?>
<!-- Generated by org.testng.reporters.JUnitReportReporter -->
<testsuite hostname="MSDT140" name="com.flipkart.testcases.RemoveToCartPageTest" tests="1" failures="0" timestamp="30 Dec 2019 13:51:07 GMT" time="7.760" errors="0">
  <testcase name="Removing_from_cart" time="7.760" classname="com.flipkart.testcases.RemoveToCartPageTest"/>
</testsuite> <!-- com.flipkart.testcases.RemoveToCartPageTest -->
