<?xml version="1.0" encoding="UTF-8"?>
<!-- Generated by org.testng.reporters.JUnitReportReporter -->
<testsuite hostname="MSDT140" name="com.flipkart.testcases.RemoveFromCartPageTest" tests="1" failures="0" timestamp="8 Jan 2020 13:52:44 GMT" time="6.524" errors="0">
  <testcase name="Removing_FromCart" time="6.524" classname="com.flipkart.testcases.RemoveFromCartPageTest"/>
</testsuite> <!-- com.flipkart.testcases.RemoveFromCartPageTest -->
