<?xml version="1.0" encoding="UTF-8"?>
<!-- Generated by org.testng.reporters.JUnitReportReporter -->
<testsuite hostname="MSDT140" name="com.flipkart.testcases.AddToCartPageTest" tests="1" failures="0" timestamp="8 Jan 2020 13:52:44 GMT" time="32.526" errors="0">
  <testcase name="Adding_ToCart" time="32.526" classname="com.flipkart.testcases.AddToCartPageTest"/>
</testsuite> <!-- com.flipkart.testcases.AddToCartPageTest -->
