<?xml version="1.0" encoding="UTF-8"?>
<!-- Generated by org.testng.reporters.JUnitReportReporter -->
<testsuite hostname="MSDT140" name="com.flipkart.testcases.LoginPageTest" tests="1" failures="0" timestamp="8 Jan 2020 13:52:44 GMT" time="3.743" errors="0">
  <testcase name="signIn_validCredentials" time="3.743" classname="com.flipkart.testcases.LoginPageTest"/>
</testsuite> <!-- com.flipkart.testcases.LoginPageTest -->
